<?xml version="1.0" encoding="UTF-8"?>
<testsuite name="RestaurantTest" tests="8" skipped="0" failures="0" errors="0" timestamp="2016-05-04T18:34:18" hostname="epicodus-42.local" time="0.082">
  <properties/>
  <testcase name="equals_returnsTrueIfDescriptionsAretheSame" classname="RestaurantTest" time="0.006"/>
  <testcase name="getName_returnsRestaurantName_greasy" classname="RestaurantTest" time="0.005"/>
  <testcase name="getRating_returnsRating_0" classname="RestaurantTest" time="0.005"/>
  <testcase name="findByName_returnsCorrectRestaurantSearchedFor_Restaurant" classname="RestaurantTest" time="0.018"/>
  <testcase name="save_returnsTrueIfDescriptionsAretheSame_Restaurant" classname="RestaurantTest" time="0.016"/>
  <testcase name="getCreatedAtAndgetUpdatedAt_returnTimestamps_hours" classname="RestaurantTest" time="0.005"/>
  <testcase name="Restaurant_instantiatesCorrectly_true" classname="RestaurantTest" time="0.006"/>
  <testcase name="findById_returnsCorrectRestaurantSearchedFor_Restaurant" classname="RestaurantTest" time="0.018"/>
  <system-out><![CDATA[]]></system-out>
  <system-err><![CDATA[]]></system-err>
</testsuite>
