<?xml version="1.0" encoding="UTF-8"?>
<testsuite name="CuisineTest" tests="2" skipped="0" failures="0" errors="0" timestamp="2016-05-04T16:19:05" hostname="epicodus-42.local" time="0.011">
  <properties/>
  <testcase name="Cuisine_instantiatesCorrectly_true" classname="CuisineTest" time="0.006"/>
  <testcase name="getName_returnsCuisineName_true" classname="CuisineTest" time="0.005"/>
  <system-out><![CDATA[]]></system-out>
  <system-err><![CDATA[]]></system-err>
</testsuite>
