<?xml version="1.0" encoding="UTF-8"?>
<testsuite name="CuisineTest" tests="7" skipped="0" failures="0" errors="0" timestamp="2016-05-04T17:48:22" hostname="epicodus-42.local" time="0.145">
  <properties/>
  <testcase name="equals_returnsTrueIfDescriptionsAretheSame" classname="CuisineTest" time="0.005"/>
  <testcase name="Cuisine_instantiatesCorrectly_true" classname="CuisineTest" time="0.005"/>
  <testcase name="save_returnsCuisineName_greasy" classname="CuisineTest" time="0.005"/>
  <testcase name="save_returnsTrueIfDescriptionsAretheSame_Cuisine" classname="CuisineTest" time="0.1"/>
  <testcase name="find_returnsCorrectCuisineSearchedFor_Cuisine" classname="CuisineTest" time="0.017"/>
  <testcase name="getCreatedAtAndgetUpdatedAt_returnTimestamps_hours" classname="CuisineTest" time="0.005"/>
  <testcase name="getName_returnsCuisineName_greasy" classname="CuisineTest" time="0.005"/>
  <system-out><![CDATA[]]></system-out>
  <system-err><![CDATA[]]></system-err>
</testsuite>
