<?xml version="1.0" encoding="UTF-8"?>
<testsuite name="CuisineTest" tests="6" skipped="0" failures="0" errors="0" timestamp="2016-05-04T18:34:18" hostname="epicodus-42.local" time="0.093">
  <properties/>
  <testcase name="equals_returnsTrueIfDescriptionsAretheSame" classname="CuisineTest" time="0.006"/>
  <testcase name="Cuisine_instantiatesCorrectly_true" classname="CuisineTest" time="0.006"/>
  <testcase name="save_returnsTrueIfDescriptionsAretheSame_Cuisine" classname="CuisineTest" time="0.046"/>
  <testcase name="find_returnsCorrectCuisineSearchedFor_Cuisine" classname="CuisineTest" time="0.021"/>
  <testcase name="getCreatedAtAndgetUpdatedAt_returnTimestamps_hours" classname="CuisineTest" time="0.006"/>
  <testcase name="getName_returnsCuisineName_greasy" classname="CuisineTest" time="0.008"/>
  <system-out><![CDATA[]]></system-out>
  <system-err><![CDATA[]]></system-err>
</testsuite>
